[01m[K/home/arfan/belajar-ros2/testworkspace/src/learn1/src/main.cpp:[m[K In constructor â€˜[01m[KLearn1Publisher::Learn1Publisher()[m[Kâ€™:
[01m[K/home/arfan/belajar-ros2/testworkspace/src/learn1/src/main.cpp:13:77:[m[K [01;31m[Kerror: [m[Kexpected â€˜[01m[K;[m[Kâ€™ before â€˜[01m[K}[m[Kâ€™ token
   13 |     world_name = this->declare_parameter<std::string>("world_name", "hello")
      |                                                                             [01;31m[K^[m[K
      |                                                                             [32m[K;[m[K
   14 | 
   15 |   [32m[K}[m[K
      |   [32m[K~[m[K                                                                          
make[2]: *** [CMakeFiles/main.dir/build.make:63: CMakeFiles/main.dir/src/main.cpp.o] Error 1
make[1]: *** [CMakeFiles/Makefile2:78: CMakeFiles/main.dir/all] Error 2
make: *** [Makefile:141: all] Error 2
